MainThread: 2024-07-12 16:37:24,349 - DEBUG- <module>(47)- Creating converter from 7 to 5
MainThread: 2024-07-12 16:37:24,349 - DEBUG- <module>(47)- Creating converter from 5 to 7
MainThread: 2024-07-12 16:37:24,349 - DEBUG- <module>(47)- Creating converter from 7 to 5
MainThread: 2024-07-12 16:37:24,349 - DEBUG- <module>(47)- Creating converter from 5 to 7
MainThread: 2024-07-12 16:37:27,999 - WARNING- _tfmw_add_deprecation_warning(149)- From E:\Users\rbalakrishnan.CHNCORENT\AppData\Local\anaconda3\envs\collegeimageautomationv2\Lib\site-packages\tf_keras\src\losses.py:2976: The name tf.losses.sparse_softmax_cross_entropy is deprecated. Please use tf.compat.v1.losses.sparse_softmax_cross_entropy instead.

MainThread: 2024-07-12 16:37:29,290 - DEBUG- validate_for_keras3(39)- tf_keras is already available - 2.16.0
MainThread: 2024-07-12 16:37:29,290 - INFO- log_info(485)- Serving on http://0.0.0.0:7055
waitress-0: 2024-07-12 16:38:26,461 - INFO- record_create(54)- /faceapi/record/create================================================================ start
waitress-0: 2024-07-12 16:38:26,461 - INFO- record_create(55)- api=http://localhost:7055/faceapi/record/create?devicename=common&&recordname=bala
waitress-0: 2024-07-12 16:38:26,465 - INFO- record_create(73)- filesaved status=success
waitress-0: 2024-07-12 16:38:26,466 - INFO- record_create(74)- filesaved filetemppath=E:\python_workspace\college_image_automationv2\collegeimageautomationv2\temp\bala1_18300.jpg
waitress-0: 2024-07-12 16:38:26,466 - INFO- record_create(75)- filesaved orgfilename=bala1.jpg
waitress-0: 2024-07-12 16:38:26,480 - INFO- __build_cascade(144)- E:\python_workspace\college_image_automationv2\collegeimageautomationv2/lib/face/data/haar_opencv/=opencv_data_path
waitress-0: 2024-07-12 16:38:26,502 - INFO- __build_cascade(144)- E:\python_workspace\college_image_automationv2\collegeimageautomationv2/lib/face/data/haar_opencv/=opencv_data_path
waitress-0: 2024-07-12 16:38:27,008 - INFO- recordcreate(61)- Total face==1
waitress-0: 2024-07-12 16:38:27,239 - INFO- finderoneface(22)- Total face=1
waitress-0: 2024-07-12 16:38:27,283 - DEBUG- find(186)- Even though E:\python_workspace\college_image_automationv2\collegefacedatabase\common\bala\bala1.jpg represented before, it's replaced later.
waitress-0: 2024-07-12 16:38:27,283 - INFO- find(190)- Found 0 newly added image(s), 1 removed image(s), 1 replaced image(s).
waitress-0: 2024-07-12 16:38:28,385 - INFO- load_model(141)- E:\python_workspace\college_image_automationv2\collegeimageautomationv2/lib/face/data/vgg/vgg_face_weights.h5=modelpath
waitress-0: 2024-07-12 16:38:28,385 - INFO- load_model(143)- vgg_face_weights.h5 will be downloaded11...
waitress-0: 2024-07-12 16:38:28,395 - DEBUG- _new_conn(1051)- Starting new HTTPS connection (1): github.com:443
waitress-0: 2024-07-12 16:38:28,842 - DEBUG- _make_request(546)- https://github.com:443 "GET /serengil/deepface_models/releases/download/v1.0/vgg_face_weights.h5 HTTP/11" 302 0
waitress-0: 2024-07-12 16:38:28,847 - DEBUG- _new_conn(1051)- Starting new HTTPS connection (1): objects.githubusercontent.com:443
waitress-0: 2024-07-12 16:38:30,043 - DEBUG- _make_request(546)- https://objects.githubusercontent.com:443 "GET /github-production-release-asset-2e65be/382368840/6bf9ba80-db5a-11eb-8b48-84b0d02a64ec?X-Amz-Algorithm=AWS4-HMAC-SHA256&X-Amz-Credential=releaseassetproduction%2F20240712%2Fus-east-1%2Fs3%2Faws4_request&X-Amz-Date=20240712T110828Z&X-Amz-Expires=300&X-Amz-Signature=1452be8a5f56ff9d88cdf725acf121e82f07c7b9029ac289f9df31fedf6079f8&X-Amz-SignedHeaders=host&actor_id=0&key_id=0&repo_id=382368840&response-content-disposition=attachment%3B%20filename%3Dvgg_face_weights.h5&response-content-type=application%2Foctet-stream HTTP/11" 200 580085408
waitress-0: 2024-07-12 16:39:32,632 - DEBUG- __getitem__(78)- Creating converter from 3 to 5
waitress-0: 2024-07-12 16:39:33,314 - INFO- find(223)- There are now 1 representations in ds_model_vggface_detector_opencv_aligned_normalization_base_expand_0.pkl
waitress-0: 2024-07-12 16:39:33,315 - INFO- find(237)- Searching E:\python_workspace\college_image_automationv2\collegefacedatabase\common\bala/bala1.jpg in 1 length datastore
waitress-0: 2024-07-12 16:39:33,693 - INFO- find(313)- find function duration 66.45285248756409 seconds
waitress-0: 2024-07-12 16:39:33,719 - INFO- getfilenamebypath(124)- finder data=                                            identity                                      hash  ...  threshold      distance
0  E:\python_workspace\college_image_automationv2...  0fb8e2fcabe99d6c3ada7de50f7ab21322b5c806  ...       0.68 -2.220446e-16

[1 rows x 12 columns]
waitress-0: 2024-07-12 16:39:33,721 - INFO- getfilenamebypath(144)- fullpath=E:\python_workspace\college_image_automationv2\collegefacedatabase\common\bala\bala1.jpg
waitress-0: 2024-07-12 16:39:33,722 - INFO- getfilenamebypath(148)- recordname=bala1
waitress-0: 2024-07-12 16:39:33,722 - INFO- record_create(84)- reponse==={'id': 'bala1', 'status': 'success'}
waitress-0: 2024-07-12 16:39:33,722 - INFO- record_create(85)- /faceapi/record/create================================================================ end
waitress-1: 2024-07-12 17:03:40,358 - INFO- record_delete(89)- /faceapi/record/delete================================================================ start
waitress-1: 2024-07-12 17:03:40,359 - INFO- record_delete(90)- api=http://localhost:7055/faceapi/record/delete?devicename=common&&recordname=bala
waitress-1: 2024-07-12 17:03:40,361 - INFO- record_delete(113)- reponse==={'id': 'bala', 'status': 'success'}
waitress-1: 2024-07-12 17:03:40,361 - INFO- record_delete(114)- /faceapi/record/delete================================================================ end
MainThread: 2024-07-12 17:36:39,000 - DEBUG- <module>(47)- Creating converter from 7 to 5
MainThread: 2024-07-12 17:36:39,000 - DEBUG- <module>(47)- Creating converter from 5 to 7
MainThread: 2024-07-12 17:36:39,000 - DEBUG- <module>(47)- Creating converter from 7 to 5
MainThread: 2024-07-12 17:36:39,000 - DEBUG- <module>(47)- Creating converter from 5 to 7
MainThread: 2024-07-12 17:36:42,750 - WARNING- _tfmw_add_deprecation_warning(149)- From E:\Users\rbalakrishnan.CHNCORENT\AppData\Local\anaconda3\envs\collegeimageautomationv2\Lib\site-packages\tf_keras\src\losses.py:2976: The name tf.losses.sparse_softmax_cross_entropy is deprecated. Please use tf.compat.v1.losses.sparse_softmax_cross_entropy instead.

MainThread: 2024-07-12 17:36:43,699 - DEBUG- validate_for_keras3(39)- tf_keras is already available - 2.16.0
MainThread: 2024-07-12 17:36:43,705 - INFO- log_info(485)- Serving on http://0.0.0.0:7055
waitress-1: 2024-07-12 17:37:33,124 - INFO- record_create(55)- /faceapi/record/create================================================================ start
waitress-1: 2024-07-12 17:37:33,125 - INFO- record_create(56)- api=http://localhost:7055/faceapi/record/create?devicename=common&&recordname=bala
waitress-1: 2024-07-12 17:37:33,129 - INFO- record_create(74)- filesaved status=success
waitress-1: 2024-07-12 17:37:33,129 - INFO- record_create(75)- filesaved filetemppath=E:\python_workspace\college_image_automationv2\collegeimageautomationv2\temp\bala1_18437.jpg
waitress-1: 2024-07-12 17:37:33,132 - INFO- record_create(76)- filesaved orgfilename=bala1.jpg
waitress-1: 2024-07-12 17:37:33,151 - INFO- __build_cascade(144)- E:\python_workspace\college_image_automationv2\collegeimageautomationv2/lib/face/data/haar_opencv/=opencv_data_path
waitress-1: 2024-07-12 17:37:33,179 - INFO- __build_cascade(144)- E:\python_workspace\college_image_automationv2\collegeimageautomationv2/lib/face/data/haar_opencv/=opencv_data_path
waitress-1: 2024-07-12 17:37:33,641 - INFO- recordcreate(61)- Total face==1
waitress-1: 2024-07-12 17:37:33,843 - INFO- finderoneface(22)- Total face=1
waitress-1: 2024-07-12 17:37:33,874 - DEBUG- find(186)- Even though E:\python_workspace\college_image_automationv2\collegefacedatabase\common\bala\bala1.jpg represented before, it's replaced later.
waitress-1: 2024-07-12 17:37:33,874 - INFO- find(190)- Found 0 newly added image(s), 0 removed image(s), 1 replaced image(s).
waitress-1: 2024-07-12 17:37:34,967 - INFO- load_model(141)- E:\python_workspace\college_image_automationv2\collegeimageautomationv2/lib/face/data/vgg/vgg_face_weights.h5=modelpath
waitress-1: 2024-07-12 17:37:34,970 - DEBUG- __getitem__(78)- Creating converter from 3 to 5
waitress-1: 2024-07-12 17:37:35,724 - INFO- find(223)- There are now 1 representations in ds_model_vggface_detector_opencv_aligned_normalization_base_expand_0.pkl
waitress-1: 2024-07-12 17:37:35,725 - INFO- find(237)- Searching E:\python_workspace\college_image_automationv2\collegefacedatabase\common\bala/bala1.jpg in 1 length datastore
waitress-1: 2024-07-12 17:37:36,122 - INFO- find(313)- find function duration 2.2791030406951904 seconds
waitress-1: 2024-07-12 17:37:36,147 - INFO- getfilenamebypath(124)- finder data=                                            identity  ...      distance
0  E:\python_workspace\college_image_automationv2...  ... -2.220446e-16

[1 rows x 12 columns]
waitress-1: 2024-07-12 17:37:36,148 - INFO- getfilenamebypath(144)- fullpath=E:\python_workspace\college_image_automationv2\collegefacedatabase\common\bala\bala1.jpg
waitress-1: 2024-07-12 17:37:36,148 - INFO- getfilenamebypath(148)- recordname=bala1
waitress-1: 2024-07-12 17:37:36,151 - INFO- record_create(85)- reponse==={'id': 'bala1', 'status': 'success'}
waitress-1: 2024-07-12 17:37:36,151 - INFO- record_create(86)- /faceapi/record/create================================================================ end
MainThread: 2024-07-12 17:38:51,554 - DEBUG- <module>(47)- Creating converter from 7 to 5
MainThread: 2024-07-12 17:38:51,554 - DEBUG- <module>(47)- Creating converter from 5 to 7
MainThread: 2024-07-12 17:38:51,554 - DEBUG- <module>(47)- Creating converter from 7 to 5
MainThread: 2024-07-12 17:38:51,554 - DEBUG- <module>(47)- Creating converter from 5 to 7
MainThread: 2024-07-12 17:38:54,827 - WARNING- _tfmw_add_deprecation_warning(149)- From E:\Users\rbalakrishnan.CHNCORENT\AppData\Local\anaconda3\envs\collegeimageautomationv2\Lib\site-packages\tf_keras\src\losses.py:2976: The name tf.losses.sparse_softmax_cross_entropy is deprecated. Please use tf.compat.v1.losses.sparse_softmax_cross_entropy instead.

MainThread: 2024-07-12 17:38:55,913 - DEBUG- validate_for_keras3(39)- tf_keras is already available - 2.16.0
MainThread: 2024-07-12 17:38:55,913 - INFO- log_info(485)- Serving on http://0.0.0.0:7055
waitress-0: 2024-07-12 17:39:05,352 - INFO- record_create(55)- /faceapi/record/create================================================================ start
waitress-0: 2024-07-12 17:39:05,352 - INFO- record_create(56)- api=http://localhost:7055/faceapi/record/create?devicename=common&&recordname=bala
waitress-0: 2024-07-12 17:39:05,358 - INFO- record_create(74)- filesaved status=success
waitress-0: 2024-07-12 17:39:05,358 - INFO- record_create(75)- filesaved filetemppath=E:\python_workspace\college_image_automationv2\collegeimageautomationv2\temp\bala1_74372.jpg
waitress-0: 2024-07-12 17:39:05,358 - INFO- record_create(76)- filesaved orgfilename=bala1.jpg
waitress-0: 2024-07-12 17:39:05,371 - INFO- __build_cascade(144)- E:\python_workspace\college_image_automationv2\collegeimageautomationv2/lib/face/data/haar_opencv/=opencv_data_path
waitress-0: 2024-07-12 17:39:05,397 - INFO- __build_cascade(144)- E:\python_workspace\college_image_automationv2\collegeimageautomationv2/lib/face/data/haar_opencv/=opencv_data_path
waitress-0: 2024-07-12 17:39:05,746 - INFO- recordcreate(61)- Total face==1
waitress-0: 2024-07-12 17:39:05,962 - INFO- finderoneface(22)- Total face=1
waitress-0: 2024-07-12 17:39:05,989 - DEBUG- find(186)- Even though E:\python_workspace\college_image_automationv2\collegefacedatabase\common\bala\bala1.jpg represented before, it's replaced later.
waitress-0: 2024-07-12 17:39:05,990 - INFO- find(190)- Found 0 newly added image(s), 0 removed image(s), 1 replaced image(s).
waitress-0: 2024-07-12 17:39:07,030 - INFO- load_model(141)- E:\python_workspace\college_image_automationv2\collegeimageautomationv2/lib/face/data/vgg/vgg_face_weights.h5=modelpath
waitress-0: 2024-07-12 17:39:07,033 - DEBUG- __getitem__(78)- Creating converter from 3 to 5
waitress-0: 2024-07-12 17:39:07,866 - INFO- find(223)- There are now 1 representations in ds_model_vggface_detector_opencv_aligned_normalization_base_expand_0.pkl
waitress-0: 2024-07-12 17:39:07,869 - INFO- find(237)- Searching E:\python_workspace\college_image_automationv2\collegefacedatabase\common\bala/bala1.jpg in 1 length datastore
waitress-0: 2024-07-12 17:39:08,328 - INFO- find(313)- find function duration 2.365614891052246 seconds
waitress-0: 2024-07-12 17:39:08,361 - INFO- getfilenamebypath(124)- finder data=                                            identity  ...      distance
0  E:\python_workspace\college_image_automationv2...  ... -2.220446e-16

[1 rows x 12 columns]
waitress-0: 2024-07-12 17:39:08,362 - INFO- getfilenamebypath(144)- fullpath=E:\python_workspace\college_image_automationv2\collegefacedatabase\common\bala\bala1.jpg
waitress-0: 2024-07-12 17:39:08,364 - INFO- getfilenamebypath(148)- recordname=bala1
waitress-0: 2024-07-12 17:39:08,365 - INFO- record_create(85)- reponse==={'id': 'bala1', 'status': 'success'}
waitress-0: 2024-07-12 17:39:08,365 - INFO- record_create(86)- /faceapi/record/create================================================================ end
waitress-1: 2024-07-12 17:39:12,432 - INFO- record_validation(15)- /faceapi/record/validation================================================================ start
waitress-1: 2024-07-12 17:39:12,432 - INFO- record_validation(18)- api=http://localhost:7055/faceapi/record/validation?devicename=common
waitress-1: 2024-07-12 17:39:12,624 - INFO- finderoneface(22)- Total face=1
waitress-1: 2024-07-12 17:39:12,630 - INFO- find(237)- Searching E:\python_workspace\college_image_automationv2\collegeimageautomationv2\temp\bala1_98522.jpg in 1 length datastore
waitress-1: 2024-07-12 17:39:13,021 - INFO- find(313)- find function duration 0.3961203098297119 seconds
waitress-1: 2024-07-12 17:39:13,042 - INFO- getfilenamebypath(124)- finder data=                                            identity  ...      distance
0  E:\python_workspace\college_image_automationv2...  ... -2.220446e-16

[1 rows x 12 columns]
waitress-1: 2024-07-12 17:39:13,042 - INFO- getfilenamebypath(144)- fullpath=E:\python_workspace\college_image_automationv2\collegefacedatabase\common\bala\bala1.jpg
waitress-1: 2024-07-12 17:39:13,044 - INFO- getfilenamebypath(148)- recordname=bala1
waitress-1: 2024-07-12 17:39:13,046 - INFO- record_validation(49)- response==={'id': 'bala1', 'status': 'success'}
waitress-1: 2024-07-12 17:39:13,046 - INFO- record_validation(50)- /faceapi/record/validation================================================================ end
waitress-2: 2024-07-12 17:39:16,839 - INFO- record_delete(90)- /faceapi/record/delete================================================================ start
waitress-2: 2024-07-12 17:39:16,840 - INFO- record_delete(91)- api=http://localhost:7055/faceapi/record/delete?devicename=common&&recordname=bala11
waitress-2: 2024-07-12 17:39:16,841 - INFO- deletedir(47)- deleted file missing====Error: E:\python_workspace\college_image_automationv2\collegefacedatabase\common\bala11- The system cannot find the path specified.
waitress-2: 2024-07-12 17:39:16,841 - INFO- record_delete(114)- reponse==={'id': 'bala11', 'status': 'success'}
waitress-2: 2024-07-12 17:39:16,842 - INFO- record_delete(115)- /faceapi/record/delete================================================================ end
